d:\program\cpp\dx\codes\client\dx\dx\debug\dx.pdb
d:\program\cpp\dx\codes\client\dx\dx\debug\dx.idb
d:\program\cpp\dx\codes\client\dx\dx\debug\utilstring.obj
d:\program\cpp\dx\codes\client\dx\dx\debug\timer.obj
d:\program\cpp\dx\codes\client\dx\dx\debug\log.obj
d:\program\cpp\dx\codes\client\dx\dx\debug\filesystem.obj
d:\program\cpp\dx\codes\client\dx\dx\debug\fileloader.obj
d:\program\cpp\dx\codes\client\dx\dx\debug\ieventlistener.obj
d:\program\cpp\dx\codes\client\dx\dx\debug\evtinfomessage.obj
d:\program\cpp\dx\codes\client\dx\dx\debug\evterrormessage.obj
d:\program\cpp\dx\codes\client\dx\dx\debug\eventmanager.obj
d:\program\cpp\dx\codes\client\dx\dx\debug\evtwindowmsg.obj
d:\program\cpp\dx\codes\client\dx\dx\debug\evtmousewheel.obj
d:\program\cpp\dx\codes\client\dx\dx\debug\evtmouserbuttonup.obj
d:\program\cpp\dx\codes\client\dx\dx\debug\evtmouserbuttondown.obj
d:\program\cpp\dx\codes\client\dx\dx\debug\evtmousemove.obj
d:\program\cpp\dx\codes\client\dx\dx\debug\evtmousembuttonup.obj
d:\program\cpp\dx\codes\client\dx\dx\debug\evtmousembuttondown.obj
d:\program\cpp\dx\codes\client\dx\dx\debug\evtmouselbuttonup.obj
d:\program\cpp\dx\codes\client\dx\dx\debug\evtmouselbuttondown.obj
d:\program\cpp\dx\codes\client\dx\dx\debug\evtkeydown.obj
d:\program\cpp\dx\codes\client\dx\dx\debug\evtmousemsg.obj
d:\program\cpp\dx\codes\client\dx\dx\debug\evtmouseleave.obj
d:\program\cpp\dx\codes\client\dx\dx\debug\evtkeyup.obj
d:\program\cpp\dx\codes\client\dx\dx\debug\evtkeyboardmsg.obj
d:\program\cpp\dx\codes\client\dx\dx\debug\windowprocess.obj
d:\program\cpp\dx\codes\client\dx\dx\debug\renderwindow.obj
d:\program\cpp\dx\codes\client\dx\dx\debug\renderapplication.obj
d:\program\cpp\dx\codes\client\dx\dx\debug\vector4f.obj
d:\program\cpp\dx\codes\client\dx\dx\debug\vector3f.obj
d:\program\cpp\dx\codes\client\dx\dx\debug\vector2f.obj
d:\program\cpp\dx\codes\client\dx\dx\debug\matrix4f.obj
d:\program\cpp\dx\codes\client\dx\dx\debug\matrix3f.obj
d:\program\cpp\dx\codes\client\dx\dx\debug\win32renderwindow.obj
d:\program\cpp\dx\codes\client\dx\dx\debug\application.obj
d:\program\cpp\dx\codes\client\dx\dx\debug\evtframestart.obj
d:\program\cpp\dx\codes\client\dx\dx\debug\matrixparameterdx11.obj
d:\program\cpp\dx\codes\client\dx\dx\debug\matrixarrayparameterwriterdx11.obj
d:\program\cpp\dx\codes\client\dx\dx\debug\indirectargsbufferdx11.obj
d:\program\cpp\dx\codes\client\dx\dx\debug\indexbufferdx11.obj
d:\program\cpp\dx\codes\client\dx\dx\debug\constantbufferparameterwriterdx11.obj
d:\program\cpp\dx\codes\client\dx\dx\debug\byteaddressbufferdx11.obj
d:\program\cpp\dx\codes\client\dx\dx\debug\bufferdx11.obj
d:\program\cpp\dx\codes\client\dx\dx\debug\bufferconfigdx11.obj
d:\program\cpp\dx\codes\client\dx\dx\debug\vertexbufferdx11.obj
d:\program\cpp\dx\codes\client\dx\dx\debug\vectorparameterwriterdx11.obj
d:\program\cpp\dx\codes\client\dx\dx\debug\vectorparameterdx11.obj
d:\program\cpp\dx\codes\client\dx\dx\debug\unorderedaccessparameterwriterdx11.obj
d:\program\cpp\dx\codes\client\dx\dx\debug\unorderedaccessparameterdx11.obj
d:\program\cpp\dx\codes\client\dx\dx\debug\shaderresourceparameterwriterdx11.obj
d:\program\cpp\dx\codes\client\dx\dx\debug\shaderresourceparameterdx11.obj
d:\program\cpp\dx\codes\client\dx\dx\debug\samplerparameterwriterdx11.obj
d:\program\cpp\dx\codes\client\dx\dx\debug\samplerparameterdx11.obj
d:\program\cpp\dx\codes\client\dx\dx\debug\renderparameterdx11.obj
d:\program\cpp\dx\codes\client\dx\dx\debug\parameterwriter.obj
d:\program\cpp\dx\codes\client\dx\dx\debug\parametermanagerdx11.obj
d:\program\cpp\dx\codes\client\dx\dx\debug\matrixparameterwriterdx11.obj
d:\program\cpp\dx\codes\client\dx\dx\debug\rendererdx11.obj
d:\program\cpp\dx\codes\client\dx\dx\debug\matrixarrayparameterdx11.obj
d:\program\cpp\dx\codes\client\dx\dx\debug\constantbufferparameterdx11.obj
d:\program\cpp\dx\codes\client\dx\dx\debug\constantbufferdx11.obj
d:\program\cpp\dx\codes\client\dx\dx\debug\shaderreflectionfactorydx11.obj
d:\program\cpp\dx\codes\client\dx\dx\debug\shaderfactorydx11.obj
d:\program\cpp\dx\codes\client\dx\dx\debug\shaderdx11.obj
d:\program\cpp\dx\codes\client\dx\dx\debug\pipelinemanagerdx11.obj
d:\program\cpp\dx\codes\client\dx\dx\debug\parametercontainer.obj
d:\program\cpp\dx\codes\client\dx\dx\debug\d3denumconversion.obj
d:\program\cpp\dx\codes\client\dx\dx\debug\shaderreflectiondx11.obj
d:\program\cpp\dx\codes\client\dx\dx\debug\vertexstagedx11.obj
d:\program\cpp\dx\codes\client\dx\dx\debug\vertexshaderdx11.obj
d:\program\cpp\dx\codes\client\dx\dx\debug\shaderstagestatedx11.obj
d:\program\cpp\dx\codes\client\dx\dx\debug\pixelstagedx11.obj
d:\program\cpp\dx\codes\client\dx\dx\debug\geometrystagedx11.obj
d:\program\cpp\dx\codes\client\dx\dx\debug\pixelshaderdx11.obj
d:\program\cpp\dx\codes\client\dx\dx\debug\geometryshaderdx11.obj
d:\program\cpp\dx\codes\client\dx\dx\debug\resourceproxydx11.obj
d:\program\cpp\dx\codes\client\dx\dx\debug\resourcedx11.obj
d:\program\cpp\dx\codes\client\dx\dx\debug\outputmergerstagestatedx11.obj
d:\program\cpp\dx\codes\client\dx\dx\debug\outputmergerstagedx11.obj
d:\program\cpp\dx\codes\client\dx\dx\debug\inputassemblerstatedx11.obj
d:\program\cpp\dx\codes\client\dx\dx\debug\depthstencilviewconfigdx11.obj
d:\program\cpp\dx\codes\client\dx\dx\debug\shaderresourceviewdx11.obj
d:\program\cpp\dx\codes\client\dx\dx\debug\shaderresourceviewconfigdx11.obj
d:\program\cpp\dx\codes\client\dx\dx\debug\samplerstateconfigdx11.obj
d:\program\cpp\dx\codes\client\dx\dx\debug\rendertargetviewdx11.obj
d:\program\cpp\dx\codes\client\dx\dx\debug\rendertargetviewconfigdx11.obj
d:\program\cpp\dx\codes\client\dx\dx\debug\rendereffectdx11.obj
d:\program\cpp\dx\codes\client\dx\dx\debug\rasterizerstateconfigdx11.obj
d:\program\cpp\dx\codes\client\dx\dx\debug\rasterizerstagestatedx11.obj
d:\program\cpp\dx\codes\client\dx\dx\debug\rasterizerstagedx11.obj
d:\program\cpp\dx\codes\client\dx\dx\debug\viewportdx11.obj
d:\program\cpp\dx\codes\client\dx\dx\debug\unorderedaccessviewdx11.obj
d:\program\cpp\dx\codes\client\dx\dx\debug\unorderedaccessviewconfigdx11.obj
d:\program\cpp\dx\codes\client\dx\dx\debug\texture3ddx11.obj
d:\program\cpp\dx\codes\client\dx\dx\debug\texture3dconfigdx11.obj
d:\program\cpp\dx\codes\client\dx\dx\debug\texture2ddx11.obj
d:\program\cpp\dx\codes\client\dx\dx\debug\texture2dconfigdx11.obj
d:\program\cpp\dx\codes\client\dx\dx\debug\texture1ddx11.obj
d:\program\cpp\dx\codes\client\dx\dx\debug\texture1dconfigdx11.obj
d:\program\cpp\dx\codes\client\dx\dx\debug\swapchaindx11.obj
d:\program\cpp\dx\codes\client\dx\dx\debug\swapchainconfigdx11.obj
d:\program\cpp\dx\codes\client\dx\dx\debug\structuredbufferdx11.obj
d:\program\cpp\dx\codes\client\dx\dx\debug\inputassemblerstagedx11.obj
d:\program\cpp\dx\codes\client\dx\dx\debug\depthstencilviewdx11.obj
d:\program\cpp\dx\codes\client\dx\dx\debug\depthstencilstateconfigdx11.obj
d:\program\cpp\dx\codes\client\dx\dx\debug\blendstateconfigdx11.obj
d:\program\cpp\dx\codes\client\dx\dx\debug\streamoutputstagestatedx11.obj
d:\program\cpp\dx\codes\client\dx\dx\debug\streamoutputstagedx11.obj
d:\program\cpp\dx\codes\client\dx\dx\debug\shaderstagedx11.obj
d:\program\cpp\dx\codes\client\dx\dx\debug\dxgioutput.obj
d:\program\cpp\dx\codes\client\dx\dx\debug\dxgiadapter.obj
d:\program\cpp\dx\codes\client\dx\dx\debug\transform3d.obj
d:\program\cpp\dx\codes\client\dx\dx\debug\actor.obj
d:\program\cpp\dx\codes\client\dx\dx\debug\entity3d.obj
d:\program\cpp\dx\res\debug\dx.lib
d:\program\cpp\dx\codes\client\dx\dx\debug\node3d.obj
d:\program\cpp\dx\codes\client\dx\debug\..\..\..\..\res\debug\dx.pdb
d:\program\cpp\dx\codes\client\dx\debug\..\..\..\..\res\debug\dx.lib
d:\program\cpp\dx\codes\client\dx\dx\debug\dx.tlog\cl.command.1.tlog
d:\program\cpp\dx\codes\client\dx\dx\debug\dx.tlog\cl.read.1.tlog
d:\program\cpp\dx\codes\client\dx\dx\debug\dx.tlog\cl.write.1.tlog
d:\program\cpp\dx\codes\client\dx\dx\debug\dx.tlog\lib-link.read.1.tlog
d:\program\cpp\dx\codes\client\dx\dx\debug\dx.tlog\lib-link.write.1.tlog
d:\program\cpp\dx\codes\client\dx\dx\debug\dx.tlog\lib.command.1.tlog
